# JRE version: Java(TM) SE Runtime Environment (7.0_80-b15) (build 1.7.0_80-b15)
# Java VM: Java HotSpot(TM) 64-Bit Server VM (24.80-b11 mixed mode linux-amd64 compressed oops)
Heap
 PSYoungGen      total 133120K, used 1248K [0x00000000eb800000, 0x00000000f4000000, 0x0000000100000000)
  eden space 126976K, 0% used [0x00000000eb800000,0x00000000eb800000,0x00000000f3400000)
  from space 6144K, 20% used [0x00000000f3400000,0x00000000f3538000,0x00000000f3a00000)
  to   space 6144K, 0% used [0x00000000f3a00000,0x00000000f3a00000,0x00000000f4000000)
 ParOldGen       total 144896K, used 110355K [0x00000000c2800000, 0x00000000cb580000, 0x00000000eb800000)
  object space 144896K, 76% used [0x00000000c2800000,0x00000000c93c4f70,0x00000000cb580000)
 PSPermGen       total 21504K, used 16861K [0x00000000bd600000, 0x00000000beb00000, 0x00000000c2800000)
  object space 21504K, 78% used [0x00000000bd600000,0x00000000be677640,0x00000000beb00000)
GC Heap History (10 events):
Event: 2.882 GC heap after
Heap after GC invocations=2 (full 0):
 PSYoungGen      total 34304K, used 2556K [0x00000000eb800000, 0x00000000edc00000, 0x0000000100000000)
  eden space 31744K, 0% used [0x00000000eb800000,0x00000000eb800000,0x00000000ed700000)
  from space 2560K, 99% used [0x00000000ed980000,0x00000000edbff2f0,0x00000000edc00000)
  to   space 2560K, 0% used [0x00000000ed700000,0x00000000ed700000,0x00000000ed980000)
 ParOldGen       total 41984K, used 894K [0x00000000c2800000, 0x00000000c5100000, 0x00000000eb800000)
  object space 41984K, 2% used [0x00000000c2800000,0x00000000c28dfa88,0x00000000c5100000)
 PSPermGen       total 21504K, used 10274K [0x00000000bd600000, 0x00000000beb00000, 0x00000000c2800000)
  object space 21504K, 47% used [0x00000000bd600000,0x00000000be0088f0,0x00000000beb00000)
}
Event: 4.051 GC heap before
{Heap before GC invocations=3 (full 0):
 PSYoungGen      total 34304K, used 34300K [0x00000000eb800000, 0x00000000edc00000, 0x0000000100000000)
  eden space 31744K, 100% used [0x00000000eb800000,0x00000000ed700000,0x00000000ed700000)
  from space 2560K, 99% used [0x00000000ed980000,0x00000000edbff2f0,0x00000000edc00000)
  to   space 2560K, 0% used [0x00000000ed700000,0x00000000ed700000,0x00000000ed980000)
 ParOldGen       total 41984K, used 894K [0x00000000c2800000, 0x00000000c5100000, 0x00000000eb800000)
  object space 41984K, 2% used [0x00000000c2800000,0x00000000c28dfa88,0x00000000c5100000)
 PSPermGen       total 21504K, used 14401K [0x00000000bd600000, 0x00000000beb00000, 0x00000000c2800000)
  object space 21504K, 66% used [0x00000000bd600000,0x00000000be410418,0x00000000beb00000)
Event: 4.062 GC heap after
Heap after GC invocations=3 (full 0):
 PSYoungGen      total 34304K, used 2544K [0x00000000eb800000, 0x00000000efb00000, 0x0000000100000000)
  eden space 31744K, 0% used [0x00000000eb800000,0x00000000eb800000,0x00000000ed700000)
  from space 2560K, 99% used [0x00000000ed700000,0x00000000ed97c010,0x00000000ed980000)
  to   space 2560K, 0% used [0x00000000ef880000,0x00000000ef880000,0x00000000efb00000)
 ParOldGen       total 41984K, used 4098K [0x00000000c2800000, 0x00000000c5100000, 0x00000000eb800000)
  object space 41984K, 9% used [0x00000000c2800000,0x00000000c2c00ab0,0x00000000c5100000)
 PSPermGen       total 21504K, used 14401K [0x00000000bd600000, 0x00000000beb00000, 0x00000000c2800000)
  object space 21504K, 66% used [0x00000000bd600000,0x00000000be410418,0x00000000beb00000)
}
Event: 5.212 GC heap before
{Heap before GC invocations=4 (full 0):
 PSYoungGen      total 34304K, used 34288K [0x00000000eb800000, 0x00000000efb00000, 0x0000000100000000)
  eden space 31744K, 100% used [0x00000000eb800000,0x00000000ed700000,0x00000000ed700000)
  from space 2560K, 99% used [0x00000000ed700000,0x00000000ed97c010,0x00000000ed980000)
  to   space 2560K, 0% used [0x00000000ef880000,0x00000000ef880000,0x00000000efb00000)
 ParOldGen       total 41984K, used 4098K [0x00000000c2800000, 0x00000000c5100000, 0x00000000eb800000)
  object space 41984K, 9% used [0x00000000c2800000,0x00000000c2c00ab0,0x00000000c5100000)
 PSPermGen       total 21504K, used 16169K [0x00000000bd600000, 0x00000000beb00000, 0x00000000c2800000)
  object space 21504K, 75% used [0x00000000bd600000,0x00000000be5ca4d0,0x00000000beb00000)
Event: 5.241 GC heap after
Heap after GC invocations=4 (full 0):
 PSYoungGen      total 66048K, used 2528K [0x00000000eb800000, 0x00000000efb00000, 0x0000000100000000)
  eden space 63488K, 0% used [0x00000000eb800000,0x00000000eb800000,0x00000000ef600000)
  from space 2560K, 98% used [0x00000000ef880000,0x00000000efaf8020,0x00000000efb00000)
  to   space 2560K, 0% used [0x00000000ef600000,0x00000000ef600000,0x00000000ef880000)
 ParOldGen       total 41984K, used 5980K [0x00000000c2800000, 0x00000000c5100000, 0x00000000eb800000)
  object space 41984K, 14% used [0x00000000c2800000,0x00000000c2dd7060,0x00000000c5100000)
 PSPermGen       total 21504K, used 16169K [0x00000000bd600000, 0x00000000beb00000, 0x00000000c2800000)
  object space 21504K, 75% used [0x00000000bd600000,0x00000000be5ca4d0,0x00000000beb00000)
}
Event: 6.933 GC heap before
{Heap before GC invocations=5 (full 0):
 PSYoungGen      total 66048K, used 66016K [0x00000000eb800000, 0x00000000efb00000, 0x0000000100000000)
  eden space 63488K, 100% used [0x00000000eb800000,0x00000000ef600000,0x00000000ef600000)
  from space 2560K, 98% used [0x00000000ef880000,0x00000000efaf8020,0x00000000efb00000)
  to   space 2560K, 0% used [0x00000000ef600000,0x00000000ef600000,0x00000000ef880000)
 ParOldGen       total 144896K, used 108380K [0x00000000c2800000, 0x00000000cb580000, 0x00000000eb800000)
  object space 144896K, 74% used [0x00000000c2800000,0x00000000c91d7070,0x00000000cb580000)
 PSPermGen       total 21504K, used 16860K [0x00000000bd600000, 0x00000000beb00000, 0x00000000c2800000)
  object space 21504K, 78% used [0x00000000bd600000,0x00000000be677290,0x00000000beb00000)
Event: 6.953 GC heap after
Heap after GC invocations=5 (full 0):
 PSYoungGen      total 66048K, used 2544K [0x00000000eb800000, 0x00000000f4000000, 0x0000000100000000)
  eden space 63488K, 0% used [0x00000000eb800000,0x00000000eb800000,0x00000000ef600000)
  from space 2560K, 99% used [0x00000000ef600000,0x00000000ef87c010,0x00000000ef880000)
  to   space 6144K, 0% used [0x00000000f3a00000,0x00000000f3a00000,0x00000000f4000000)
 ParOldGen       total 144896K, used 108993K [0x00000000c2800000, 0x00000000cb580000, 0x00000000eb800000)
  object space 144896K, 75% used [0x00000000c2800000,0x00000000c9270788,0x00000000cb580000)
 PSPermGen       total 21504K, used 16860K [0x00000000bd600000, 0x00000000beb00000, 0x00000000c2800000)
  object space 21504K, 78% used [0x00000000bd600000,0x00000000be677290,0x00000000beb00000)
}
Event: 7.418 GC heap before
{Heap before GC invocations=6 (full 0):
 PSYoungGen      total 66048K, used 66032K [0x00000000eb800000, 0x00000000f4000000, 0x0000000100000000)
  eden space 63488K, 100% used [0x00000000eb800000,0x00000000ef600000,0x00000000ef600000)
  from space 2560K, 99% used [0x00000000ef600000,0x00000000ef87c010,0x00000000ef880000)
  to   space 6144K, 0% used [0x00000000f3a00000,0x00000000f3a00000,0x00000000f4000000)
 ParOldGen       total 144896K, used 108993K [0x00000000c2800000, 0x00000000cb580000, 0x00000000eb800000)
  object space 144896K, 75% used [0x00000000c2800000,0x00000000c9270788,0x00000000cb580000)
 PSPermGen       total 21504K, used 16861K [0x00000000bd600000, 0x00000000beb00000, 0x00000000c2800000)
  object space 21504K, 78% used [0x00000000bd600000,0x00000000be677640,0x00000000beb00000)
Event: 7.429 GC heap after
Heap after GC invocations=6 (full 0):
 PSYoungGen      total 133120K, used 2560K [0x00000000eb800000, 0x00000000f4000000, 0x0000000100000000)
  eden space 126976K, 0% used [0x00000000eb800000,0x00000000eb800000,0x00000000f3400000)
  from space 6144K, 41% used [0x00000000f3a00000,0x00000000f3c80020,0x00000000f4000000)
  to   space 6144K, 0% used [0x00000000f3400000,0x00000000f3400000,0x00000000f3a00000)
 ParOldGen       total 144896K, used 108993K [0x00000000c2800000, 0x00000000cb580000, 0x00000000eb800000)
  object space 144896K, 75% used [0x00000000c2800000,0x00000000c9270788,0x00000000cb580000)
 PSPermGen       total 21504K, used 16861K [0x00000000bd600000, 0x00000000beb00000, 0x00000000c2800000)
  object space 21504K, 78% used [0x00000000bd600000,0x00000000be677640,0x00000000beb00000)
}
Event: 13.833 GC heap before
{Heap before GC invocations=7 (full 0):
 PSYoungGen      total 133120K, used 129536K [0x00000000eb800000, 0x00000000f4000000, 0x0000000100000000)
  eden space 126976K, 100% used [0x00000000eb800000,0x00000000f3400000,0x00000000f3400000)
  from space 6144K, 41% used [0x00000000f3a00000,0x00000000f3c80020,0x00000000f4000000)
  to   space 6144K, 0% used [0x00000000f3400000,0x00000000f3400000,0x00000000f3a00000)
 ParOldGen       total 144896K, used 108993K [0x00000000c2800000, 0x00000000cb580000, 0x00000000eb800000)
  object space 144896K, 75% used [0x00000000c2800000,0x00000000c9270788,0x00000000cb580000)
 PSPermGen       total 21504K, used 16861K [0x00000000bd600000, 0x00000000beb00000, 0x00000000c2800000)
  object space 21504K, 78% used [0x00000000bd600000,0x00000000be677640,0x00000000beb00000)

