# JRE version: Java(TM) SE Runtime Environment (7.0_80-b15) (build 1.7.0_80-b15)
# Java VM: Java HotSpot(TM) 64-Bit Server VM (24.80-b11 mixed mode linux-amd64 compressed oops)
Heap
 PSYoungGen      total 132096K, used 128K [0x00000000eb800000, 0x00000000f3f00000, 0x0000000100000000)
  eden space 126464K, 0% used [0x00000000eb800000,0x00000000eb800000,0x00000000f3380000)
  from space 5632K, 2% used [0x00000000f3380000,0x00000000f33a0000,0x00000000f3900000)
  to   space 5120K, 0% used [0x00000000f3900000,0x00000000f3900000,0x00000000f3e00000)
 ParOldGen       total 144896K, used 110483K [0x00000000c2800000, 0x00000000cb580000, 0x00000000eb800000)
  object space 144896K, 76% used [0x00000000c2800000,0x00000000c93e4dd0,0x00000000cb580000)
 PSPermGen       total 21504K, used 16855K [0x00000000bd600000, 0x00000000beb00000, 0x00000000c2800000)
  object space 21504K, 78% used [0x00000000bd600000,0x00000000be675eb8,0x00000000beb00000)
GC Heap History (10 events):
Event: 2.690 GC heap after
Heap after GC invocations=4 (full 0):
 PSYoungGen      total 34304K, used 2544K [0x00000000eb800000, 0x00000000edc00000, 0x0000000100000000)
  eden space 31744K, 0% used [0x00000000eb800000,0x00000000eb800000,0x00000000ed700000)
  from space 2560K, 99% used [0x00000000ed980000,0x00000000edbfc010,0x00000000edc00000)
  to   space 2560K, 0% used [0x00000000ed700000,0x00000000ed700000,0x00000000ed980000)
 ParOldGen       total 41984K, used 3587K [0x00000000c2800000, 0x00000000c5100000, 0x00000000eb800000)
  object space 41984K, 8% used [0x00000000c2800000,0x00000000c2b80d28,0x00000000c5100000)
 PSPermGen       total 21504K, used 14425K [0x00000000bd600000, 0x00000000beb00000, 0x00000000c2800000)
  object space 21504K, 67% used [0x00000000bd600000,0x00000000be4165e8,0x00000000beb00000)
}
Event: 3.419 GC heap before
{Heap before GC invocations=5 (full 0):
 PSYoungGen      total 34304K, used 34288K [0x00000000eb800000, 0x00000000edc00000, 0x0000000100000000)
  eden space 31744K, 100% used [0x00000000eb800000,0x00000000ed700000,0x00000000ed700000)
  from space 2560K, 99% used [0x00000000ed980000,0x00000000edbfc010,0x00000000edc00000)
  to   space 2560K, 0% used [0x00000000ed700000,0x00000000ed700000,0x00000000ed980000)
 ParOldGen       total 41984K, used 3587K [0x00000000c2800000, 0x00000000c5100000, 0x00000000eb800000)
  object space 41984K, 8% used [0x00000000c2800000,0x00000000c2b80d28,0x00000000c5100000)
 PSPermGen       total 21504K, used 16172K [0x00000000bd600000, 0x00000000beb00000, 0x00000000c2800000)
  object space 21504K, 75% used [0x00000000bd600000,0x00000000be5cb280,0x00000000beb00000)
Event: 3.426 GC heap after
Heap after GC invocations=5 (full 0):
 PSYoungGen      total 34304K, used 2558K [0x00000000eb800000, 0x00000000f0000000, 0x0000000100000000)
  eden space 31744K, 0% used [0x00000000eb800000,0x00000000eb800000,0x00000000ed700000)
  from space 2560K, 99% used [0x00000000ed700000,0x00000000ed97f9a8,0x00000000ed980000)
  to   space 5120K, 0% used [0x00000000efb00000,0x00000000efb00000,0x00000000f0000000)
 ParOldGen       total 41984K, used 5491K [0x00000000c2800000, 0x00000000c5100000, 0x00000000eb800000)
  object space 41984K, 13% used [0x00000000c2800000,0x00000000c2d5cce0,0x00000000c5100000)
 PSPermGen       total 21504K, used 16172K [0x00000000bd600000, 0x00000000beb00000, 0x00000000c2800000)
  object space 21504K, 75% used [0x00000000bd600000,0x00000000be5cb280,0x00000000beb00000)
}
Event: 4.150 GC heap before
{Heap before GC invocations=6 (full 0):
 PSYoungGen      total 34304K, used 34302K [0x00000000eb800000, 0x00000000f0000000, 0x0000000100000000)
  eden space 31744K, 100% used [0x00000000eb800000,0x00000000ed700000,0x00000000ed700000)
  from space 2560K, 99% used [0x00000000ed700000,0x00000000ed97f9a8,0x00000000ed980000)
  to   space 5120K, 0% used [0x00000000efb00000,0x00000000efb00000,0x00000000f0000000)
 ParOldGen       total 144896K, used 107891K [0x00000000c2800000, 0x00000000cb580000, 0x00000000eb800000)
  object space 144896K, 74% used [0x00000000c2800000,0x00000000c915ccf0,0x00000000cb580000)
 PSPermGen       total 21504K, used 16813K [0x00000000bd600000, 0x00000000beb00000, 0x00000000c2800000)
  object space 21504K, 78% used [0x00000000bd600000,0x00000000be66b658,0x00000000beb00000)
Event: 4.259 GC heap after
Heap after GC invocations=6 (full 0):
 PSYoungGen      total 68608K, used 3132K [0x00000000eb800000, 0x00000000f0000000, 0x0000000100000000)
  eden space 63488K, 0% used [0x00000000eb800000,0x00000000eb800000,0x00000000ef600000)
  from space 5120K, 61% used [0x00000000efb00000,0x00000000efe0f238,0x00000000f0000000)
  to   space 5120K, 0% used [0x00000000ef600000,0x00000000ef600000,0x00000000efb00000)
 ParOldGen       total 144896K, used 107899K [0x00000000c2800000, 0x00000000cb580000, 0x00000000eb800000)
  object space 144896K, 74% used [0x00000000c2800000,0x00000000c915ecf0,0x00000000cb580000)
 PSPermGen       total 21504K, used 16813K [0x00000000bd600000, 0x00000000beb00000, 0x00000000c2800000)
  object space 21504K, 78% used [0x00000000bd600000,0x00000000be66b658,0x00000000beb00000)
}
Event: 4.357 GC heap before
{Heap before GC invocations=7 (full 0):
 PSYoungGen      total 68608K, used 66620K [0x00000000eb800000, 0x00000000f0000000, 0x0000000100000000)
  eden space 63488K, 100% used [0x00000000eb800000,0x00000000ef600000,0x00000000ef600000)
  from space 5120K, 61% used [0x00000000efb00000,0x00000000efe0f238,0x00000000f0000000)
  to   space 5120K, 0% used [0x00000000ef600000,0x00000000ef600000,0x00000000efb00000)
 ParOldGen       total 144896K, used 107899K [0x00000000c2800000, 0x00000000cb580000, 0x00000000eb800000)
  object space 144896K, 74% used [0x00000000c2800000,0x00000000c915ecf0,0x00000000cb580000)
 PSPermGen       total 21504K, used 16813K [0x00000000bd600000, 0x00000000beb00000, 0x00000000c2800000)
  object space 21504K, 78% used [0x00000000bd600000,0x00000000be66b6f8,0x00000000beb00000)
Event: 4.367 GC heap after
Heap after GC invocations=7 (full 0):
 PSYoungGen      total 68608K, used 1248K [0x00000000eb800000, 0x00000000f3e00000, 0x0000000100000000)
  eden space 63488K, 0% used [0x00000000eb800000,0x00000000eb800000,0x00000000ef600000)
  from space 5120K, 24% used [0x00000000ef600000,0x00000000ef738000,0x00000000efb00000)
  to   space 5120K, 0% used [0x00000000f3900000,0x00000000f3900000,0x00000000f3e00000)
 ParOldGen       total 144896K, used 109237K [0x00000000c2800000, 0x00000000cb580000, 0x00000000eb800000)
  object space 144896K, 75% used [0x00000000c2800000,0x00000000c92ad4d8,0x00000000cb580000)
 PSPermGen       total 21504K, used 16813K [0x00000000bd600000, 0x00000000beb00000, 0x00000000c2800000)
  object space 21504K, 78% used [0x00000000bd600000,0x00000000be66b6f8,0x00000000beb00000)
}
Event: 4.436 GC heap before
{Heap before GC invocations=8 (full 0):
 PSYoungGen      total 68608K, used 64736K [0x00000000eb800000, 0x00000000f3e00000, 0x0000000100000000)
  eden space 63488K, 100% used [0x00000000eb800000,0x00000000ef600000,0x00000000ef600000)
  from space 5120K, 24% used [0x00000000ef600000,0x00000000ef738000,0x00000000efb00000)
  to   space 5120K, 0% used [0x00000000f3900000,0x00000000f3900000,0x00000000f3e00000)
 ParOldGen       total 144896K, used 109237K [0x00000000c2800000, 0x00000000cb580000, 0x00000000eb800000)
  object space 144896K, 75% used [0x00000000c2800000,0x00000000c92ad4d8,0x00000000cb580000)
 PSPermGen       total 21504K, used 16855K [0x00000000bd600000, 0x00000000beb00000, 0x00000000c2800000)
  object space 21504K, 78% used [0x00000000bd600000,0x00000000be675eb8,0x00000000beb00000)
Event: 4.448 GC heap after
Heap after GC invocations=8 (full 0):
 PSYoungGen      total 131584K, used 672K [0x00000000eb800000, 0x00000000f3f00000, 0x0000000100000000)
  eden space 126464K, 0% used [0x00000000eb800000,0x00000000eb800000,0x00000000f3380000)
  from space 5120K, 13% used [0x00000000f3900000,0x00000000f39a8000,0x00000000f3e00000)
  to   space 5632K, 0% used [0x00000000f3380000,0x00000000f3380000,0x00000000f3900000)
 ParOldGen       total 144896K, used 109901K [0x00000000c2800000, 0x00000000cb580000, 0x00000000eb800000)
  object space 144896K, 75% used [0x00000000c2800000,0x00000000c9353580,0x00000000cb580000)
 PSPermGen       total 21504K, used 16855K [0x00000000bd600000, 0x00000000beb00000, 0x00000000c2800000)
  object space 21504K, 78% used [0x00000000bd600000,0x00000000be675eb8,0x00000000beb00000)
}
Event: 4.657 GC heap before
{Heap before GC invocations=9 (full 0):
 PSYoungGen      total 131584K, used 127136K [0x00000000eb800000, 0x00000000f3f00000, 0x0000000100000000)
  eden space 126464K, 100% used [0x00000000eb800000,0x00000000f3380000,0x00000000f3380000)
  from space 5120K, 13% used [0x00000000f3900000,0x00000000f39a8000,0x00000000f3e00000)
  to   space 5632K, 0% used [0x00000000f3380000,0x00000000f3380000,0x00000000f3900000)
 ParOldGen       total 144896K, used 109901K [0x00000000c2800000, 0x00000000cb580000, 0x00000000eb800000)
  object space 144896K, 75% used [0x00000000c2800000,0x00000000c9353580,0x00000000cb580000)
 PSPermGen       total 21504K, used 16855K [0x00000000bd600000, 0x00000000beb00000, 0x00000000c2800000)
  object space 21504K, 78% used [0x00000000bd600000,0x00000000be675eb8,0x00000000beb00000)

